<?xml version="1.0" encoding="UTF-8"?>
<!-- Generated by org.testng.reporters.JUnitReportReporter -->
<testsuite hostname="vmt4766" name="Scripts.InstanceAuto" tests="1" failures="0" timestamp="3 May 2019 07:02:45 GMT" time="5.089" errors="0">
  <testcase name="exece" time="5.089" classname="Scripts.InstanceAuto"/>
</testsuite> <!-- Scripts.InstanceAuto -->
