<?xml version="1.0" encoding="UTF-8"?>
<!-- Generated by org.testng.reporters.JUnitReportReporter -->
<testsuite hostname="vmt4766" name="Scripts.CreatIncident" tests="1" failures="0" timestamp="3 May 2019 10:16:46 GMT" time="36.934" errors="0">
  <testcase name="HomePage" time="36.934" classname="Scripts.CreatIncident"/>
</testsuite> <!-- Scripts.CreatIncident -->
