<?xml version="1.0" encoding="UTF-8"?>
<!-- Generated by org.testng.reporters.JUnitReportReporter -->
<testsuite hostname="vmt4766" name="Scripts.HomePageScript" tests="1" failures="0" timestamp="3 May 2019 07:29:56 GMT" time="193.780" errors="0">
  <testcase name="HomePage" time="193.780" classname="Scripts.HomePageScript"/>
</testsuite> <!-- Scripts.HomePageScript -->
